Loaded config from config1.json
Starting Lite3 Service...
  Address: 127.0.0.1:8080
  Threads: 4-16(Dynamic)
  WAL Path: node1.wal
  Node ID: 1
  Mesh Port: 9090
DEBUG: WAL::recover start
DEBUG: Creating reader conveyor...
DEBUG: Reader created.
DEBUG: Recovery loop done. Offset: 10861080
DEBUG: Creating Writer Conveyor...
DEBUG: Writer Conveyor created.
DEBUG: Mesh listening.
DEBUG: Parsing peers: 2:127.0.0.1:9091
Connecting to peer 2 at 127.0.0.1:DEBUG: Mesh thread started.9091

DEBUG: Starting SyncManager...
[Mesh] Updated connection for peer 2
DEBUG: SyncManager started.
DEBUG: Starting HTTP Server...
[SyncManager] Started gossip loop.
Lite3 Service listening on :8080
DEBUG: http_server::run() starting with 4 initial threads (dynamic pool)
DEBUG: Main thread calling ioc_.run()
