Loaded config from config2.json
Starting Lite3 Service...
  Address: 127.0.0.1:8081
  Threads: 4-16(Dynamic)
  WAL Path: node2.wal
  Node ID: 2
  Mesh Port: 9091
DEBUG: WAL::recover start
DEBUG: Creating reader conveyor...
DEBUG: Reader created.
DEBUG: Recovery loop done. Offset: 10739994
DEBUG: Creating Writer Conveyor...
DEBUG: Writer Conveyor created.
DEBUG: Mesh listening.
DEBUG: Parsing peers: 1:127.0.0.1:9090
Connecting to peer 1DEBUG: Mesh thread started. at 127.0.0.1:
9090
DEBUG: Starting SyncManager...
[Mesh] Updated connection for peer 1
DEBUG: SyncManager started.
DEBUG: Starting HTTP Server...
[SyncManager] Started gossip loop.
Lite3 Service listening on :8081
DEBUG: http_server::run() starting with 4 initial threads (dynamic pool)
DEBUG: Main thread calling ioc_.run()
